[    0.000000] Initializing cgroup subsys cpuset
[    0.000000] Initializing cgroup subsys cpu
[    0.000000] Initializing cgroup subsys cpuacct
[    0.000000] Linux version 4.4.0-210-generic (buildd@lgw01-amd64-009) (gcc version 5.4.0 20160609 (Ubuntu 5.4.0-6ubuntu1~16.04.12) ) #242-Ubuntu SMP Fri Apr 16 09:57:56 UTC 2021 (Ubuntu 4.4.0-210.242-generic 4.4.262)
[    0.000000] Command line: BOOT_IMAGE=/boot/vmlinuz-4.4.0-210-generic root=LABEL=cloudimg-rootfs ro console=tty1 console=ttyS0
[    0.000000] KERNEL supported cpus:
[    0.000000]   Intel GenuineIntel
[    0.000000]   AMD AuthenticAMD
[    0.000000]   Centaur CentaurHauls
[    0.000000] [Firmware Bug]: TSC doesn't count with P0 frequency!
[    0.000000] x86/fpu: xstate_offset[2]:  576, xstate_sizes[2]:  256
[    0.000000] x86/fpu: Supporting XSAVE feature 0x01: 'x87 floating point registers'
[    0.000000] x86/fpu: Supporting XSAVE feature 0x02: 'SSE registers'
[    0.000000] x86/fpu: Supporting XSAVE feature 0x04: 'AVX registers'
[    0.000000] x86/fpu: Enabled xstate features 0x7, context size is 832 bytes, using 'standard' format.
[    0.000000] e820: BIOS-provided physical RAM map:
[    0.000000] BIOS-e820: [mem 0x0000000000000000-0x000000000009fbff] usable
[    0.000000] BIOS-e820: [mem 0x000000000009fc00-0x000000000009ffff] reserved
[    0.000000] BIOS-e820: [mem 0x00000000000f0000-0x00000000000fffff] reserved
[    0.000000] BIOS-e820: [mem 0x0000000000100000-0x000000003ffeffff] usable
[    0.000000] BIOS-e820: [mem 0x000000003fff0000-0x000000003fffffff] ACPI data
[    0.000000] BIOS-e820: [mem 0x00000000fec00000-0x00000000fec00fff] reserved
[    0.000000] BIOS-e820: [mem 0x00000000fee00000-0x00000000fee00fff] reserved
[    0.000000] BIOS-e820: [mem 0x00000000fffc0000-0x00000000ffffffff] reserved
[    0.000000] NX (Execute Disable) protection: active
[    0.000000] SMBIOS 2.5 present.
[    0.000000] Hypervisor detected: KVM
[    0.000000] Kernel/User page tables isolation: disabled
[    0.000000] e820: last_pfn = 0x3fff0 max_arch_pfn = 0x400000000
[    0.000000] MTRR: Disabled
[    0.000000] x86/PAT: MTRRs disabled, skipping PAT initialization too.
[    0.000000] CPU MTRRs all blank - virtualized system.
[    0.000000] x86/PAT: Configuration [0-7]: WB  WT  UC- UC  WB  WT  UC- UC  
[    0.000000] found SMP MP-table at [mem 0x0009fff0-0x0009ffff] mapped at [ffff88000009fff0]
[    0.000000] Scanning 1 areas for low memory corruption
[    0.000000] RAMDISK: [mem 0x362dc000-0x37165fff]
[    0.000000] ACPI: Early table checksum verification disabled
[    0.000000] ACPI: RSDP 0x00000000000E0000 000024 (v02 VBOX  )
[    0.000000] ACPI: XSDT 0x000000003FFF0030 00003C (v01 VBOX   VBOXXSDT 00000001 ASL  00000061)
[    0.000000] ACPI: FACP 0x000000003FFF00F0 0000F4 (v04 VBOX   VBOXFACP 00000001 ASL  00000061)
[    0.000000] ACPI: DSDT 0x000000003FFF0470 002325 (v02 VBOX   VBOXBIOS 00000002 INTL 20100528)
[    0.000000] ACPI: FACS 0x000000003FFF0200 000040
[    0.000000] ACPI: FACS 0x000000003FFF0200 000040
[    0.000000] ACPI: APIC 0x000000003FFF0240 00005C (v02 VBOX   VBOXAPIC 00000001 ASL  00000061)
[    0.000000] ACPI: SSDT 0x000000003FFF02A0 0001CC (v01 VBOX   VBOXCPUT 00000002 INTL 20100528)
[    0.000000] No NUMA configuration found
[    0.000000] Faking a node at [mem 0x0000000000000000-0x000000003ffeffff]
[    0.000000] NODE_DATA(0) allocated [mem 0x3ffeb000-0x3ffeffff]
[    0.000000] kvm-clock: Using msrs 4b564d01 and 4b564d00
[    0.000000] kvm-clock: cpu 0, msr 0:3ffe3001, primary cpu clock
[    0.000000] kvm-clock: using sched offset of 3320015404 cycles
[    0.000000] clocksource: kvm-clock: mask: 0xffffffffffffffff max_cycles: 0x1cd42e4dffb, max_idle_ns: 881590591483 ns
[    0.000000] Zone ranges:
[    0.000000]   DMA      [mem 0x0000000000001000-0x0000000000ffffff]
[    0.000000]   DMA32    [mem 0x0000000001000000-0x000000003ffeffff]
[    0.000000]   Normal   empty
[    0.000000]   Device   empty
[    0.000000] Movable zone start for each node
[    0.000000] Early memory node ranges
[    0.000000]   node   0: [mem 0x0000000000001000-0x000000000009efff]
[    0.000000]   node   0: [mem 0x0000000000100000-0x000000003ffeffff]
[    0.000000] Initmem setup node 0 [mem 0x0000000000001000-0x000000003ffeffff]
[    0.000000] ACPI: PM-Timer IO Port: 0x4008
[    0.000000] IOAPIC[0]: apic_id 2, version 32, address 0xfec00000, GSI 0-23
[    0.000000] ACPI: INT_SRC_OVR (bus 0 bus_irq 0 global_irq 2 dfl dfl)
[    0.000000] ACPI: INT_SRC_OVR (bus 0 bus_irq 9 global_irq 9 low level)
[    0.000000] Using ACPI (MADT) for SMP configuration information
[    0.000000] smpboot: Allowing 2 CPUs, 0 hotplug CPUs
[    0.000000] PM: Registered nosave memory: [mem 0x00000000-0x00000fff]
[    0.000000] PM: Registered nosave memory: [mem 0x0009f000-0x0009ffff]
[    0.000000] PM: Registered nosave memory: [mem 0x000a0000-0x000effff]
[    0.000000] PM: Registered nosave memory: [mem 0x000f0000-0x000fffff]
[    0.000000] e820: [mem 0x40000000-0xfebfffff] available for PCI devices
[    0.000000] Booting paravirtualized kernel on KVM
[    0.000000] clocksource: refined-jiffies: mask: 0xffffffff max_cycles: 0xffffffff, max_idle_ns: 7645519600211568 ns
[    0.000000] setup_percpu: NR_CPUS:512 nr_cpumask_bits:512 nr_cpu_ids:2 nr_node_ids:1
[    0.000000] PERCPU: Embedded 33 pages/cpu @ffff88003fc00000 s95192 r8192 d31784 u1048576
[    0.000000] Built 1 zonelists in Node order, mobility grouping on.  Total pages: 257912
[    0.000000] Policy zone: DMA32
[    0.000000] Kernel command line: BOOT_IMAGE=/boot/vmlinuz-4.4.0-210-generic root=LABEL=cloudimg-rootfs ro console=tty1 console=ttyS0
[    0.000000] PID hash table entries: 4096 (order: 3, 32768 bytes)
[    0.000000] Memory: 997792K/1048120K available (8644K kernel code, 1332K rwdata, 4044K rodata, 1492K init, 1164K bss, 50328K reserved, 0K cma-reserved)
[    0.000000] SLUB: HWalign=64, Order=0-3, MinObjects=0, CPUs=2, Nodes=1
[    0.000000] Hierarchical RCU implementation.
[    0.000000] 	Build-time adjustment of leaf fanout to 64.
[    0.000000] 	RCU restricting CPUs from NR_CPUS=512 to nr_cpu_ids=2.
[    0.000000] RCU: Adjusting geometry for rcu_fanout_leaf=64, nr_cpu_ids=2
[    0.000000] NR_IRQS:33024 nr_irqs:440 16
[    0.000000] Console: colour VGA+ 80x25
[    0.000000] console [tty1] enabled
[    0.000000] console [ttyS0] enabled
[    0.000000] tsc: Detected 1996.251 MHz processor
[    0.125944] Calibrating delay loop (skipped) preset value.. 3992.50 BogoMIPS (lpj=7985004)
[    0.127828] pid_max: default: 32768 minimum: 301
[    0.128692] ACPI: Core revision 20150930
[    0.130076] ACPI: 2 ACPI AML tables successfully acquired and loaded
[    0.131062] Security Framework initialized
[    0.131699] Yama: becoming mindful.
[    0.132351] AppArmor: AppArmor initialized
[    0.133034] Dentry cache hash table entries: 131072 (order: 8, 1048576 bytes)
[    0.134661] Inode-cache hash table entries: 65536 (order: 7, 524288 bytes)
[    0.137743] Mount-cache hash table entries: 2048 (order: 2, 16384 bytes)
[    0.138706] Mountpoint-cache hash table entries: 2048 (order: 2, 16384 bytes)
[    0.139786] Initializing cgroup subsys io
[    0.140447] Initializing cgroup subsys memory
[    0.141116] Initializing cgroup subsys devices
[    0.141793] Initializing cgroup subsys freezer
[    0.142460] Initializing cgroup subsys net_cls
[    0.143132] Initializing cgroup subsys perf_event
[    0.143900] Initializing cgroup subsys net_prio
[    0.144587] Initializing cgroup subsys hugetlb
[    0.145251] Initializing cgroup subsys pids
[    0.153241] mce: CPU supports 0 MCE banks
[    0.153920] Last level iTLB entries: 4KB 1024, 2MB 1024, 4MB 512
[    0.155120] Last level dTLB entries: 4KB 2048, 2MB 2048, 4MB 1024, 1GB 0
[    0.156028] Spectre V1 : Mitigation: usercopy/swapgs barriers and __user pointer sanitization
[    0.157257] Spectre V2 : Spectre mitigation: LFENCE not serializing, switching to generic retpoline
[    0.158758] Spectre V2 : Mitigation: Full generic retpoline
[    0.159572] Spectre V2 : Spectre v2 / SpectreRSB mitigation: Filling RSB on context switch
[    0.162529] Freeing SMP alternatives memory: 36K
[    0.167725] ftrace: allocating 32380 entries in 127 pages
[    0.216617] smpboot: APIC(0) Converting physical 0 to logical package 0
[    0.217691] smpboot: Max logical packages: 1
[    0.218576] x2apic enabled
[    0.219268] Switched APIC routing to physical x2apic.
[    0.220927] ..TIMER: vector=0x30 apic1=0 pin1=2 apic2=-1 pin2=-1
[    0.329890] smpboot: CPU0: AMD Ryzen 7 4700U with Radeon Graphics (family: 0x17, model: 0x60, stepping: 0x1)
[    0.331559] Performance Events: Broken PMU hardware detected, using software events only.
[    0.333012] Failed to access perfctr msr (MSR c0010007 is 0)
[    0.339055] KVM setup paravirtual spinlock
[    0.340398] x86: Booting SMP configuration:
[    0.341139] .... node  #0, CPUs:      #1
[    0.342106] kvm-clock: cpu 1, msr 0:3ffe3041, secondary cpu clock
[    0.351094] mce: CPU supports 0 MCE banks
[    0.353689] x86: Booted up 1 node, 2 CPUs
[    0.354523] smpboot: Total of 2 processors activated (7985.00 BogoMIPS)
[    0.355840] devtmpfs: initialized
[    0.358486] evm: security.selinux
[    0.359106] evm: security.SMACK64
[    0.359743] evm: security.SMACK64EXEC
[    0.360418] evm: security.SMACK64TRANSMUTE
[    0.361125] evm: security.SMACK64MMAP
[    0.361801] evm: security.ima
[    0.362445] evm: security.capability
[    0.365222] clocksource: jiffies: mask: 0xffffffff max_cycles: 0xffffffff, max_idle_ns: 7645041785100000 ns
[    0.367724] futex hash table entries: 512 (order: 3, 32768 bytes)
[    0.368750] pinctrl core: initialized pinctrl subsystem
[    0.370234] RTC time:  6:50:48, date: 01/13/23
[    0.371473] NET: Registered protocol family 16
[    0.379500] cpuidle: using governor ladder
[    0.389279] cpuidle: using governor menu
[    0.391324] PCCT header not found.
[    0.392353] ACPI: bus type PCI registered
[    0.393024] acpiphp: ACPI Hot Plug PCI Controller Driver version: 0.5
[    0.394107] PCI: Using configuration type 1 for base access
[    0.395007] PCI: Using configuration type 1 for extended access
[    0.403011] ACPI: Added _OSI(Module Device)
[    0.404059] ACPI: Added _OSI(Processor Device)
[    0.404960] ACPI: Added _OSI(3.0 _SCP Extensions)
[    0.405794] ACPI: Added _OSI(Processor Aggregator Device)
[    0.407131] ACPI: Executed 1 blocks of module-level executable AML code
[    0.409432] ACPI: Interpreter enabled
[    0.410133] ACPI: (supports S0 S5)
[    0.410766] ACPI: Using IOAPIC for interrupt routing
[    0.411785] PCI: Using host bridge windows from ACPI; if necessary, use "pci=nocrs" and report a bug
[    0.415388] ACPI: PCI Root Bridge [PCI0] (domain 0000 [bus 00-ff])
[    0.416418] acpi PNP0A03:00: _OSC: OS supports [ExtendedConfig ASPM ClockPM Segments MSI]
[    0.418161] acpi PNP0A03:00: _OSC: platform does not support [PCIeCapability]
[    0.419502] acpi PNP0A03:00: _OSC: not requesting control; platform does not support [PCIeCapability]
[    0.421651] acpi PNP0A03:00: _OSC: OS requested [PCIeHotplug PME AER PCIeCapability]
[    0.422887] acpi PNP0A03:00: _OSC: platform willing to grant [PCIeHotplug PME AER]
[    0.424165] acpi PNP0A03:00: _OSC failed (AE_SUPPORT); disabling ASPM
[    0.425446] PCI host bridge to bus 0000:00
[    0.426125] pci_bus 0000:00: root bus resource [io  0x0000-0x0cf7 window]
[    0.427189] pci_bus 0000:00: root bus resource [io  0x0d00-0xffff window]
[    0.428189] pci_bus 0000:00: root bus resource [mem 0x000a0000-0x000bffff window]
[    0.437787] pci_bus 0000:00: root bus resource [mem 0x40000000-0xfdffffff window]
[    0.438955] pci_bus 0000:00: root bus resource [bus 00-ff]
[    0.441277] pci 0000:00:01.1: legacy IDE quirk: reg 0x10: [io  0x01f0-0x01f7]
[    0.442212] pci 0000:00:01.1: legacy IDE quirk: reg 0x14: [io  0x03f6]
[    0.443140] pci 0000:00:01.1: legacy IDE quirk: reg 0x18: [io  0x0170-0x0177]
[    0.444190] pci 0000:00:01.1: legacy IDE quirk: reg 0x1c: [io  0x0376]
[    0.459992] pci 0000:00:07.0: quirk: [io  0x4000-0x403f] claimed by PIIX4 ACPI
[    0.461402] pci 0000:00:07.0: quirk: [io  0x4100-0x410f] claimed by PIIX4 SMB
[    0.472736] ACPI: PCI Interrupt Link [LNKA] (IRQs 5 9 10 *11)
[    0.474556] ACPI: PCI Interrupt Link [LNKB] (IRQs 5 9 *10 11)
[    0.475915] ACPI: PCI Interrupt Link [LNKC] (IRQs 5 *9 10 11)
[    0.477197] ACPI: PCI Interrupt Link [LNKD] (IRQs 5 9 10 *11)
[    0.478504] ACPI: Enabled 2 GPEs in block 00 to 07
[    0.479705] vgaarb: setting as boot device: PCI:0000:00:02.0
[    0.480625] vgaarb: device added: PCI:0000:00:02.0,decodes=io+mem,owns=io+mem,locks=none
[    0.481965] vgaarb: loaded
[    0.482522] vgaarb: bridge control possible 0000:00:02.0
[    0.483622] SCSI subsystem initialized
[    0.484540] ACPI: bus type USB registered
[    0.485796] usbcore: registered new interface driver usbfs
[    0.486590] usbcore: registered new interface driver hub
[    0.487415] usbcore: registered new device driver usb
[    0.488638] PCI: Using ACPI for IRQ routing
[    0.489520] NetLabel: Initializing
[    0.490072] NetLabel:  domain hash size = 128
[    0.490746] NetLabel:  protocols = UNLABELED CIPSOv4
[    0.491466] NetLabel:  unlabeled traffic allowed by default
[    0.492423] amd_nb: Cannot enumerate AMD northbridges
[    0.493243] clocksource: Switched to clocksource kvm-clock
[    0.501688] AppArmor: AppArmor Filesystem Enabled
[    0.502588] pnp: PnP ACPI init
[    0.503730] pnp: PnP ACPI: found 3 devices
[    0.515175] clocksource: acpi_pm: mask: 0xffffff max_cycles: 0xffffff, max_idle_ns: 2085701024 ns
[    0.516527] NET: Registered protocol family 2
[    0.517392] TCP established hash table entries: 8192 (order: 4, 65536 bytes)
[    0.518339] TCP bind hash table entries: 8192 (order: 5, 131072 bytes)
[    0.519239] TCP: Hash tables configured (established 8192 bind 8192)
[    0.521949] UDP hash table entries: 512 (order: 2, 16384 bytes)
[    0.522873] UDP-Lite hash table entries: 512 (order: 2, 16384 bytes)
[    0.523921] NET: Registered protocol family 1
[    0.524606] pci 0000:00:00.0: Limiting direct PCI/PCI transfers
[    0.525437] pci 0000:00:01.0: Activating ISA DMA hang workarounds
[    0.526393] Unpacking initramfs...
[    0.719078] Freeing initrd memory: 14888K
[    0.719897] clocksource: tsc: mask: 0xffffffffffffffff max_cycles: 0x398cb1e4d56, max_idle_ns: 881590790753 ns
[    0.721387] platform rtc_cmos: registered platform RTC device (no PNP device found)
[    0.722638] Scanning for low memory corruption every 60 seconds
[    0.723930] audit: initializing netlink subsys (disabled)
[    0.724726] audit: type=2000 audit(1673592653.406:1): initialized
[    0.725841] Initialise system trusted keyring
[    0.726773] HugeTLB registered 2 MB page size, pre-allocated 0 pages
[    0.729301] zbud: loaded
[    0.733221] VFS: Disk quotas dquot_6.6.0
[    0.734060] VFS: Dquot-cache hash table entries: 512 (order 0, 4096 bytes)
[    0.735118] squashfs: version 4.0 (2009/01/31) Phillip Lougher
[    0.736274] fuse init (API version 7.23)
[    0.738376] Key type big_key registered
[    0.739054] Allocating IMA MOK and blacklist keyrings.
[    0.742047] Key type asymmetric registered
[    0.742724] Asymmetric key parser 'x509' registered
[    0.743533] Block layer SCSI generic (bsg) driver version 0.4 loaded (major 249)
[    0.744988] io scheduler noop registered
[    0.746250] io scheduler deadline registered (default)
[    0.747036] io scheduler cfq registered
[    0.747723] pci_hotplug: PCI Hot Plug PCI Core version: 0.5
[    0.748612] pciehp: PCI Express Hot Plug Controller Driver version: 0.4
[    0.749578] ACPI: AC Adapter [AC] (on-line)
[    0.750345] input: Power Button as /devices/LNXSYSTM:00/LNXPWRBN:00/input/input0
[    0.751465] ACPI: Power Button [PWRF]
[    0.752080] input: Sleep Button as /devices/LNXSYSTM:00/LNXSLPBN:00/input/input1
[    0.753196] ACPI: Sleep Button [SLPF]
[    0.754118] GHES: HEST is not enabled!
[    0.754522] ACPI: Battery Slot [BAT0] (battery present)
[    0.757177] Serial: 8250/16550 driver, 32 ports, IRQ sharing enabled
[    0.778776] 00:02: ttyS0 at I/O 0x3f8 (irq = 4, base_baud = 115200) is a 16550A
[    0.783943] Linux agpgart interface v0.103
[    0.786696] loop: module loaded
[    0.787694] scsi host0: ata_piix
[    0.788620] scsi host1: ata_piix
[    0.789370] ata1: PATA max UDMA/33 cmd 0x1f0 ctl 0x3f6 bmdma 0xd000 irq 14
[    0.790444] ata2: PATA max UDMA/33 cmd 0x170 ctl 0x376 bmdma 0xd008 irq 15
[    0.791556] libphy: Fixed MDIO Bus: probed
[    0.792282] tun: Universal TUN/TAP device driver, 1.6
[    0.793067] tun: (C) 1999-2004 Max Krasnyansky <maxk@qualcomm.com>
[    0.794155] PPP generic driver version 2.4.2
[    0.794942] ehci_hcd: USB 2.0 'Enhanced' Host Controller (EHCI) Driver
[    0.796027] ehci-pci: EHCI PCI platform driver
[    0.796836] ehci-platform: EHCI generic platform driver
[    0.797701] ohci_hcd: USB 1.1 'Open' Host Controller (OHCI) Driver
[    0.799575] ohci-pci: OHCI PCI platform driver
[    0.800678] ohci-platform: OHCI generic platform driver
[    0.801506] uhci_hcd: USB Universal Host Controller Interface driver
[    0.802562] i8042: PNP: PS/2 Controller [PNP0303:PS2K,PNP0f03:PS2M] at 0x60,0x64 irq 1,12
[    0.804433] serio: i8042 KBD port at 0x60,0x64 irq 1
[    0.805307] serio: i8042 AUX port at 0x60,0x64 irq 12
[    0.806342] mousedev: PS/2 mouse device common for all mice
[    0.807462] input: AT Translated Set 2 keyboard as /devices/platform/i8042/serio0/input/input2
[    0.809096] rtc_cmos rtc_cmos: rtc core: registered rtc_cmos as rtc0
[    0.810071] rtc_cmos rtc_cmos: alarms up to one day, 114 bytes nvram
[    0.811041] i2c /dev entries driver
[    0.811755] device-mapper: uevent: version 1.0.3
[    0.812590] device-mapper: ioctl: 4.34.0-ioctl (2015-10-28) initialised: dm-devel@redhat.com
[    0.813871] ledtrig-cpu: registered to indicate activity on CPUs
[    0.815507] NET: Registered protocol family 10
[    0.816447] NET: Registered protocol family 17
[    0.817152] Key type dns_resolver registered
[    0.818294] registered taskstats version 1
[    0.818958] Loading compiled-in X.509 certificates
[    0.820047] Loaded X.509 cert 'Build time autogenerated kernel key: cf00e047681d67edb2720680708b7d9498083038'
[    0.821485] zswap: loaded using pool lzo/zbud
[    0.824651] Key type trusted registered
[    0.828550] Key type encrypted registered
[    0.829272] AppArmor: AppArmor sha1 policy hashing enabled
[    0.830196] ima: No TPM chip found, activating TPM-bypass!
[    0.831067] ima: Allocated hash algorithm: sha1
[    0.831961] evm: HMAC attrs: 0x1
[    0.832921]   Magic number: 7:367:822
[    0.833668] rtc_cmos rtc_cmos: setting system clock to 2023-01-13 06:50:49 UTC (1673592649)
[    0.835076] BIOS EDD facility v0.16 2004-Jun-25, 0 devices found
[    0.835983] EDD information not available.
[    0.969373] Freeing unused kernel memory: 1492K
[    0.970132] Write protecting the kernel read-only data: 14336k
[    0.971428] Freeing unused kernel memory: 1584K
[    0.972356] Freeing unused kernel memory: 52K
Loading, please wait...
starting version 229
[    0.983717] random: systemd-udevd: uninitialized urandom read (16 bytes read, 2 bits of entropy available)
[    0.985861] random: systemd-udevd: uninitialized urandom read (16 bytes read, 2 bits of entropy available)
[    0.986719] random: udevadm: uninitialized urandom read (16 bytes read, 2 bits of entropy available)
[    0.986739] random: udevadm: uninitialized urandom read (16 bytes read, 2 bits of entropy available)
[    0.990960] random: systemd-udevd: uninitialized urandom read (16 bytes read, 2 bits of entropy available)
[    0.992711] random: systemd-udevd: uninitialized urandom read (16 bytes read, 2 bits of entropy available)
[    0.992782] random: udevadm: uninitialized urandom read (16 bytes read, 2 bits of entropy available)
[    0.992818] random: udevadm: uninitialized urandom read (16 bytes read, 2 bits of entropy available)
[    0.992915] random: udevadm: uninitialized urandom read (16 bytes read, 2 bits of entropy available)
[    0.992949] random: udevadm: uninitialized urandom read (16 bytes read, 2 bits of entropy available)
[    1.025829] e1000: Intel(R) PRO/1000 Network Driver - version 7.3.21-k8-NAPI
[    1.027083] e1000: Copyright (c) 1999-2006 Intel Corporation.
[    1.029442] Fusion MPT base driver 3.04.20
[    1.030124] Copyright (c) 1999-2008 LSI Corporation
[    1.036616] Fusion MPT SPI Host driver 3.04.20
[    1.043526] AVX2 version of gcm_enc/dec engaged.
[    1.044369] AES CTR mode by8 optimization enabled
[    1.633366] input: ImExPS/2 Generic Explorer Mouse as /devices/platform/i8042/serio1/input/input4
[    1.656791] e1000 0000:00:03.0 eth0: (PCI:33MHz:32-bit) 02:be:82:6b:cc:1d
[    1.658824] e1000 0000:00:03.0 eth0: Intel(R) PRO/1000 Network Connection
[    2.000967] e1000 0000:00:08.0 eth1: (PCI:33MHz:32-bit) 08:00:27:b8:33:37
[    2.002077] e1000 0000:00:08.0 eth1: Intel(R) PRO/1000 Network Connection
[    2.003708] mptbase: ioc0: Initiating bringup
[    2.004432] e1000 0000:00:03.0 enp0s3: renamed from eth0
[    2.022211] e1000 0000:00:08.0 enp0s8: renamed from eth1
[    2.621998] ioc0: LSI53C1030 A0: Capabilities={Initiator}
[    2.783874] scsi host2: ioc0: LSI53C1030 A0, FwRev=00000000h, Ports=1, MaxQ=256, IRQ=20
[    3.702114] scsi 2:0:0:0: Direct-Access     VBOX     HARDDISK         1.0  PQ: 0 ANSI: 5
[    3.711177] scsi target2:0:0: Beginning Domain Validation
[    3.713262] scsi target2:0:0: Domain Validation skipping write tests
[    3.714200] scsi target2:0:0: Ending Domain Validation
[    3.715022] scsi target2:0:0: asynchronous
[    3.716272] scsi 2:0:1:0: Direct-Access     VBOX     HARDDISK         1.0  PQ: 0 ANSI: 5
[    3.717525] scsi target2:0:1: Beginning Domain Validation
[    3.719782] scsi target2:0:1: Domain Validation skipping write tests
[    3.720667] scsi target2:0:1: Ending Domain Validation
[    3.721481] scsi target2:0:1: asynchronous
[    3.729671] sd 2:0:0:0: Attached scsi generic sg0 type 0
[    3.730069] sd 2:0:0:0: [sda] 83886080 512-byte logical blocks: (42.9 GB/40.0 GiB)
[    3.730244] sd 2:0:0:0: [sda] Write Protect is off
[    3.730362] sd 2:0:0:0: [sda] Incomplete mode parameter data
[    3.730363] sd 2:0:0:0: [sda] Assuming drive cache: write through
[    3.735211]  sda: sda1
[    3.735776] sd 2:0:0:0: [sda] Attached SCSI disk
[    3.737296] sd 2:0:1:0: Attached scsi generic sg1 type 0
[    3.737388] sd 2:0:1:0: [sdb] 20480 512-byte logical blocks: (10.5 MB/10.0 MiB)
[    3.737508] sd 2:0:1:0: [sdb] Write Protect is off
[    3.737568] sd 2:0:1:0: [sdb] Incomplete mode parameter data
[    3.737569] sd 2:0:1:0: [sdb] Assuming drive cache: write through
[    3.740250] sd 2:0:1:0: [sdb] Attached SCSI disk
Begin: Loading essential drivers ... [    5.068302] md: linear personality registered for level -1
[    5.070864] md: multipath personality registered for level -4
[    5.073794] md: raid0 personality registered for level 0
[    5.077627] md: raid1 personality registered for level 1
[    5.149335] raid6: sse2x1   gen()  7990 MB/s
[    5.218822] raid6: sse2x1   xor()  8556 MB/s
[    5.286907] raid6: sse2x2   gen() 18192 MB/s
[    5.353363] raid6: sse2x2   xor() 11793 MB/s
[    5.422070] raid6: sse2x4   gen() 17885 MB/s
[    5.489518] raid6: sse2x4   xor()  9880 MB/s
[    5.557898] raid6: avx2x1   gen() 19769 MB/s
[    5.626297] raid6: avx2x2   gen() 34388 MB/s
[    5.694785] raid6: avx2x4   gen() 35172 MB/s
[    5.695948] raid6: using algorithm avx2x4 gen() 35172 MB/s
[    5.697775] raid6: using avx2x2 recovery algorithm
[    5.700434] xor: automatically using best checksumming function:
[    5.737402]    avx       : 16960.000 MB/sec
[    5.739215] async_tx: api initialized (async)
[    5.746381] md: raid6 personality registered for level 6
[    5.747435] md: raid5 personality registered for level 5
[    5.748451] md: raid4 personality registered for level 4
[    5.753734] md: raid10 personality registered for level 10
done.
Begin: Running /scripts/init-premount ... done.
Begin: Mounting root file system ... Begin: Running /scripts/local-top ... done.
Begin: Running /scripts/local-premount ... [    5.774843] Btrfs loaded
Scanning for Btrfs filesystems
done.
Warning: fsck not present, so skipping root file system
[    5.801898] EXT4-fs (sda1): mounted filesystem with ordered data mode. Opts: (null)
done.
Begin: Running /scripts/local-bottom ... done.
Begin: Running /scripts/init-bottom ... done.
[    5.884356] systemd[1]: systemd 229 running in system mode. (+PAM +AUDIT +SELINUX +IMA +APPARMOR +SMACK +SYSVINIT +UTMP +LIBCRYPTSETUP +GCRYPT +GNUTLS +ACL +XZ -LZ4 +SECCOMP +BLKID +ELFUTILS +KMOD -IDN)
[    5.887020] systemd[1]: Detected virtualization oracle.
[    5.887767] systemd[1]: Detected architecture x86-64.

Welcome to [1mUbuntu 16.04.7 LTS[0m!

[    5.891340] systemd[1]: Set hostname to <ubuntu>.
[    5.893747] systemd[1]: Initializing machine ID from random generator.
[    5.894819] systemd[1]: Installed transient /etc/machine-id file.
[    6.003209] systemd[1]: Reached target Swap.
[[0;32m  OK  [0m] Reached target Swap.
[    6.004503] systemd[1]: Set up automount Arbitrary Executable File Formats File System Automount Point.
[[0;32m  OK  [0m] Set up automount Arbitrary Executab...ats File System Automount Point.
[    6.006505] systemd[1]: Reached target Encrypted Volumes.
[[0;32m  OK  [0m] Reached target Encrypted Volumes.
[    6.007768] systemd[1]: Listening on udev Control Socket.
[[0;32m  OK  [0m] Listening on udev Control Socket.
[    6.009088] systemd[1]: Listening on Journal Audit Socket.
[[0;32m  OK  [0m] Listening on Journal Audit Socket.
[    6.010902] systemd[1]: Listening on fsck to fsckd communication Socket.
[[0;32m  OK  [0m] Listening on fsck to fsckd communication Socket.
[    6.012911] systemd[1]: Started Forward Password Requests to Wall Directory Watch.
[[0;32m  OK  [0m] Started Forward Password Requests to Wall Directory Watch.
[    6.014847] systemd[1]: Listening on LVM2 poll daemon socket.
[[0;32m  OK  [0m] Listening on LVM2 poll daemon socket.
[    6.016444] systemd[1]: Created slice System Slice.
[[0;32m  OK  [0m] Created slice System Slice.
[    6.017991] systemd[1]: Created slice system-serial\x2dgetty.slice.
[[0;32m  OK  [0m] Created slice system-serial\x2dgetty.slice.
[    6.019498] systemd[1]: Listening on /dev/initctl Compatibility Named Pipe.
[[0;32m  OK  [0m] Listening on /dev/initctl Compatibility Named Pipe.
[    6.021158] systemd[1]: Listening on Journal Socket (/dev/log).
[[0;32m  OK  [0m] Listening on Journal Socket (/dev/log).
[    6.022666] systemd[1]: Listening on Device-mapper event daemon FIFOs.
[[0;32m  OK  [0m] Listening on Device-mapper event daemon FIFOs.
[    6.024208] systemd[1]: Listening on Journal Socket.
[[0;32m  OK  [0m] Listening on Journal Socket.
[    6.046324] systemd[1]: Starting Load Kernel Modules...
         Starting Load Kernel Modules...
[    6.049802] systemd[1]: Starting Uncomplicated firewall...
         Starting Uncomplicated firewall...
[    6.051896] systemd[1]: Starting Create list of required static device nodes for the current kernel...
         Starting Create list of required st... nodes for the current kernel...
[    6.056194] Loading iSCSI transport class v2.0-870.
[    6.061684] iscsi: registered transport (tcp)
[    6.062233] systemd[1]: Starting Set console keymap...
         Starting Set console keymap...
[    6.066602] systemd[1]: Mounting Debug File System...
         Mounting Debug File System...
[    6.068332] systemd[1]: Starting File System Check on Root Device...
         Starting File System Check on Root Device...
[    6.078147] systemd[1]: Mounting POSIX Message Queue File System...
         Mounting POSIX Message Queue File System...
[    6.079723] systemd[1]: Started Trigger resolvconf update for networkd DNS.
[[0;32m  OK  [0m] Started Trigger resolvconf update for networkd DNS.
[    6.086364] systemd[1]: Listening on udev Kernel Socket.
[[0;32m  OK  [0m] Listening on udev Kernel Socket.
[    6.087817] systemd[1]: Reached target System Time Synchronized.
[[0;32m  OK  [0m] Reached target System Time Synchronized.
[    6.089707] systemd[1]: Created slice User and Session Slice.
[[0;32m  OK  [0m] Created slice User and Session Slice.
[    6.091041] systemd[1]: Reached target Slices.
[[0;32m  OK  [0m] Reached target Slices.
[    6.092167] systemd[1]: Reached target User and Group Name Lookups.
[[0;32m  OK  [0m] Reached target User and Group Name Lookups.
[    6.094079] systemd[1]: Mounting Huge Pages File System...
         Mounting Huge Pages File System...
[    6.100278] iscsi: registered transport (iser)
[    6.101950] systemd[1]: Listening on LVM2 metadata daemon socket.
[[0;32m  OK  [0m] Listening on LVM2 metadata daemon socket.
[    6.117794] systemd[1]: Starting Monitoring of LVM2 mirrors, snapshots etc. using dmeventd or progress polling...
         Starting Monitoring of LVM2 mirrors... dmeventd or progress polling...
[    6.130857] systemd[1]: Listening on Syslog Socket.
[[0;32m  OK  [0m] Listening on Syslog Socket.
[    6.132589] systemd[1]: Starting Journal Service...
         Starting Journal Service...
[    6.137921] systemd[1]: Starting Nameserver information manager...
         Starting Nameserver information manager...
[    6.140631] systemd[1]: Mounted Huge Pages File System.
[[0;32m  OK  [0m] Mounted Huge Pages File System.
[    6.142029] systemd[1]: Mounted POSIX Message Queue File System.
[[0;32m  OK  [0m] Mounted POSIX Message Queue File System.
[    6.143534] systemd[1]: Mounted Debug File System.
[[0;32m  OK  [0m] Mounted Debug File System.
[    6.145467] systemd[1]: Started Load Kernel Modules.
[[0;32m  OK  [0m] Started Load Kernel Modules.
[    6.147353] systemd[1]: Started Uncomplicated firewall.
[[0;32m  OK  [0m] Started Uncomplicated firewall.
[    6.151015] systemd[1]: Started Create list of required static device nodes for the current kernel.
[[0;32m  OK  [0m] Started Create list of required sta...ce nodes for the current kernel.
[    6.153687] systemd[1]: Started Set console keymap.
[[0;32m  OK  [0m] Started Set console keymap.
[    6.155332] systemd[1]: Started File System Check on Root Device.
[[0;32m  OK  [0m] Started File System Check on Root Device.
[    6.159468] systemd[1]: Started File System Check Daemon to report status.
[[0;32m  OK  [0m] Started File System Check Daemon to report status.
[    6.162634] systemd[1]: Started LVM2 metadata daemon.
[[0;32m  OK  [0m] Started LVM2 metadata daemon.
[    6.165094] systemd[1]: Starting Remount Root and Kernel File Systems...
         Starting Remount Root and Kernel File Systems...
[    6.167900] systemd[1]: Starting Create Static Device Nodes in /dev...
[    6.169160] EXT4-fs (sda1): re-mounted. Opts: (null)
         Starting Create Static Device Nodes in /dev...
[    6.171423] systemd[1]: Mounting FUSE Control File System...
         Mounting FUSE Control File System...
[    6.173851] systemd[1]: Starting Apply Kernel Variables...
         Starting Apply Kernel Variables...
[    6.176148] systemd[1]: Mounted FUSE Control File System.
[[0;32m  OK  [0m] Mounted FUSE Control File System.
[    6.177928] systemd[1]: Started Journal Service.
[[0;32m  OK  [0m] Started Journal Service.
[[0;32m  OK  [0m] Started Nameserver information manager.
[[0;32m  OK  [0m] Started Remount Root and Kernel File Systems.
         Starting udev Coldplug all Devices...
         Starting Load/Save Random Seed...
         Starting Flush Journal to Persistent Storage...
[[0;32m  OK  [0m] Started Apply Kernel Variables.
[[0;32m  OK  [0m] Started Load/Save Random Seed.
[[0;32m  OK  [0m] Started Flush Journal to Persistent Storage.
[[0;32m  OK  [0m] Started Create Static Device Nodes in /dev.
         Starting udev Kernel Device Manager...
[[0;32m  OK  [0m] Started udev Kernel Device Manager.
[[0;32m  OK  [0m] Started udev Coldplug all Devices.
[[0;32m  OK  [0m] Started Dispatch Password Requests to Console Directory Watch.
[[0;32m  OK  [0m] Found device /dev/ttyS0.
[[0;32m  OK  [0m] Listening on Load/Save RF Kill Switch Status /dev/rfkill Watch.
[[0;32m  OK  [0m] Started Monitoring of LVM2 mirrors,...ng dmeventd or progress polling.
[[0;32m  OK  [0m] Reached target Local File Systems (Pre).
[[0;32m  OK  [0m] Reached target Local File Systems.
         Starting Initial cloud-init job (pre-networking)...
         Starting Tell Plymouth To Write Out Runtime Data...
         Starting Commit a transient machine-id on disk...
         Starting LSB: AppArmor initialization...
         Starting Create Volatile Files and Directories...
         Starting Set console font and keymap...
[[0;32m  OK  [0m] Started Tell Plymouth To Write Out Runtime Data.
[[0;32m  OK  [0m] Started Create Volatile Files and Directories.
[[0;32m  OK  [0m] Started Commit a transient machine-id on disk.
         Starting Update UTMP about System Boot/Shutdown...
[[0;32m  OK  [0m] Started Update UTMP about System Boot/Shutdown.
[[0;32m  OK  [0m] Started Set console font and keymap.
[[0;32m  OK  [0m] Created slice system-getty.slice.
[    7.625856] cloud-init[605]: Cloud-init v. 21.1-19-gbad84ad4-0ubuntu1~16.04.2 running 'init-local' at Fri, 13 Jan 2023 06:50:56 +0000. Up 7.23 seconds.
[[0;32m  OK  [0m] Started Initial cloud-init job (pre-networking).
[[0;32m  OK  [0m] Reached target Network (Pre).
[[0;32m  OK  [0m] Started LSB: AppArmor initialization.
         Starting Load AppArmor profiles managed internally by snapd...
         Starting Raise network interfaces...
[[0;32m  OK  [0m] Started Load AppArmor profiles managed internally by snapd.
[[0;32m  OK  [0m] Started Raise network interfaces.
         Starting Initial cloud-init job (metadata service crawler)...
[[0;32m  OK  [0m] Reached target Network.
[    8.826281] cloud-init[956]: Cloud-init v. 21.1-19-gbad84ad4-0ubuntu1~16.04.2 running 'init' at Fri, 13 Jan 2023 06:50:57 +0000. Up 8.23 seconds.
[    8.828530] cloud-init[956]: ci-info: ++++++++++++++++++++++++++++++++++++++Net device info+++++++++++++++++++++++++++++++++++++++
[    8.836727] cloud-init[956]: ci-info: +--------+-------+----------------------------+---------------+--------+-------------------+
[    8.838020] cloud-init[956]: ci-info: | Device |   Up  |          Address           |      Mask     | Scope  |     Hw-Address    |
[    8.845321] cloud-init[956]: ci-info: +--------+-------+----------------------------+---------------+--------+-------------------+
[    8.854127] cloud-init[956]: ci-info: | enp0s3 |  True |         10.0.2.15          | 255.255.255.0 | global | 02:be:82:6b:cc:1d |
[    8.860916] cloud-init[956]: ci-info: | enp0s3 |  True | fe80::be:82ff:fe6b:cc1d/64 |       .       |  link  | 02:be:82:6b:cc:1d |
[    8.861789] cloud-init[956]: ci-info: | enp0s8 | False |             .              |       .       |   .    | 08:00:27:b8:33:37 |
[    8.868809] cloud-init[956]: ci-info: |   lo   |  True |         127.0.0.1          |   255.0.0.0   |  host  |         .         |
[    8.869730] cloud-init[956]: ci-info: |   lo   |  True |          ::1/128           |       .       |  host  |         .         |
[    8.870619] cloud-init[956]: ci-info: +--------+-------+----------------------------+---------------+--------+-------------------+
[    8.876437] cloud-init[956]: ci-info: +++++++++++++++++++++++++++Route IPv4 info++++++++++++++++++++++++++++
[    8.877240] cloud-init[956]: ci-info: +-------+-------------+----------+---------------+-----------+-------+
[    8.878069] cloud-init[956]: ci-info: | Route | Destination | Gateway  |    Genmask    | Interface | Flags |
[[0;32m  OK  [0m] Started Initial cloud-init job (metadata service crawler).
[    8.885191] cloud-init[[0;32m  OK  [0m] Reached target Network is Online.
[956]: ci-info: +-------+-------------+----------+---------------+-----------+-------+
[    8.886254] cloud-init[956]: ci-info: |   0   |   0.0.0.0   | 10.0.2.2 |    0.0.0.0    |   enp0s3  |   UG  |
[    8.887088] cloud-init[956]: ci-info: |   1   |   10.0.2.0  | 0.0.0.0  | 255.255.255.0 |   enp0s3  |   U   |
[    8.887913] cloud-init[956]: ci-info: +-------+-------------+----------+---------------+-----------+-------+
[    8.888775] cloud-init[956]: ci-info: +++++++++++++++++++Route IPv6 info+++++++++++++++++++
[    8.889560] cloud-init[956]: ci-info: +-------+-------------+---------+-----------+-------+
[    8.890321] cloud-init[956]: ci-info: | Route | Destination | Gateway | Interface | Flags |
[    8.891067] cloud-init[956]: ci-info: +-------+-------------+---------+-----------+-------+
[    8.891770] cloud-init[956]: ci-info: |   0   |  fe80::/64  |    ::   |   enp0s3  |   U   |
[    8.892548] cloud-init[956]: ci-info: |   3   |   ff00::/8  |    ::   |   enp0s3  |   U   |
[    8.893321] cloud-init[956]: ci-info: +-------+-------------+---------+-----------+-------+
[    8.894079] cloud-init[956]: Generating public/private rsa key pair.
[    8.894743] cloud-init[956]: Your identification has been saved in /etc/ssh/ssh_host_rsa_key.
[    8.895462] cloud-init[956]: Your public key has been saved in /etc/ssh/ssh_host_rsa_key.pub.
[    8.896205] cloud-init[956]: The key fingerprint is:
[    8.896790] cloud-init[956]: SHA256:xYWZnFQdViuZGHskXg+Wa29fjisad6/pSxL0/wAKF98 root@ubuntu-xenial
[    8.898134] cloud-init[956]: The key's randomart image is:
[    8.899216] cloud-init[956]: +---[RSA 2048]----+
[    8.899809] cloud-init[956]: |         o.Oo*+o.|
[    8.900361] cloud-init         Starting iSCSI initiator daemon (iscsid)...
[[0;32m  OK  [0m] Reached target System Initialization.
[[0;32m  OK  [0m] Listening on UUID daemon activation socket.
[[0;32m  OK  [0m] Listening on ACPID Listen Socket.
[[0;32m  OK  [0m] Started Daily Cleanup of Temporary Directories.
[[0;32m  OK  [0m] Listening on D-Bus System Message Bus Socket.
[[0;32m  OK  [0m] Started Message of the Day.
[[0;32m  OK  [0m] Started Ubuntu Advantage update messaging.
[[0;32m  OK  [0m] Started Daily apt download activities.
         Starting Socket activation for snappy daemon.
[956]: |         .B.Oo* .|
[[    8.902523] cloud-init[956]: |          ++.=.o |
[    8.908442] cloud-init[956]: |         . +.=.  |
[    8.908540] cloud-init[956]: |        S . = E  |
[    8.908681] cloud-init[956]: |         o . o +.|
[    8.908817] cloud-init[956]: |          o o =o+|
[    8.908895] cloud-init[956]: |           o.+.++|
[    8.909040] cloud-init[956]: |          .. o*+o|
[    8.909179] cloud-init[956]: +----[SHA256]-----+
[    8.909398] cloud-init[956]: Generating public/private dsa key pair.
[    8.909607] cloud-init[956]: Your identification has been saved in /etc/ssh/ssh_host_dsa_key.
[    8.909738] cloud-init[956]: Your public key has been saved in /etc/ssh/ssh_host_dsa_key.pub.
[    8.909880] cloud-init[956]: The key fingerprint is:
[    8.910017] cloud-init[956]: SHA256:2JjdUziy0xZuVz/v6FhaApIEoO950NjGOSptUbHzMeM root@ubuntu-xenial
[    8.910156] cloud-init[956]: The key's randomart image is:
[    8.910325] cloud-init[956]: +---[DSA 1024]----+
[    8.910465] cloud-init[956]: |    ..o          |
[    8.910609] cloud-init[956]: |   .   +   .     |
[    8.910742] cloud-init[956]: |  .   + * + . .  |
[    8.910876] cloud-init[956]: |   . * % @ + . . |
[    8.910961] cloud-init[956]: |    = @ E O .  ..|
[    8.911100] cloud-init[956]: |   o * . = +    o|
[    8.911248] cloud-init[956]: |  . * .     . o .|
[    8.911373] cloud-init[956]: |   o .       * o |
[    8.911440] cloud-init[956]: |            o.o .|
[    8.911508] cloud-init[956]: +----[SHA256]-----+
[    8.911634] cloud-init[956]: Generating public/private ecdsa key pair.
[    8.911703] cloud-init[956]: Your identification has been saved in /etc/ssh/ssh_host_ecdsa_key.
[    8.911772] cloud-init[956]: Your public key has been saved in /etc/ssh/ssh_host_ecdsa_key.pub.
[    8.911897] cloud-init[956]: The key fingerprint is:
[    8.911965] cloud-init[956]: SHA256:Vv1+CxT+ZbGXp1bhP9dC1gKycl+DTXCzyWo01dJq4v0 root@ubuntu-xenial
[    8.912098] cloud-init[956]: The key's randomart image is:
[    8.912193] cloud-init[956]: +---[ECDSA 256]---+
[    8.912371] cloud-init[956]: |            . +o |
[    8.912433] cloud-init[956]: |           . =.+o|
[    8.912556] cloud-init[956]: |          o =.== |
[    8.912625] cloud-init[956]: |         . +oO=.=|
[    8.912692] cloud-init[956]: |        S o.+*O+B|
[    8.912758] cloud-init[956]: |       . o oo=o**|
[    8.912826] cloud-init[956]: |            ..=+=|
[    8.912953] cloud-init[956]: |             ..oE|
[    8.913023] cloud-init[956]: |               . |
[    8.913178] cloud-init[956]: +----[SHA256]-----+
[    8.913232] cloud-init[956]: Generating public/private ed25519 key pair.
[    8.913317] cloud-init[956]: Your identification has been saved in /etc/ssh/ssh_host_ed25519_key.
[    8.913460] cloud-init[956]: Your public key has been saved in /etc/ssh/ssh_host_ed25519_key.pub.
[    8.913532] cloud-init[956]: The key fingerprint is:
[    8.913675] cloud-init[956]: SHA256:XqbC6ptV60aLTtrru/bwdKBHWJ67nXRhCHZg1lN8PhA root@ubuntu-xenial
[    8.913750] cloud-init[956]: The key's randomart image is:
[    8.913894] cloud-init[956]: +--[ED25519 256]--+
[0;32m  OK  [0m] Started Daily apt upgrade and clean activities.
[    8.913923] cloud-init[[956]: [0;32m  OK  [0m|        +. oE.   |] Reached target Timers.

[    8.923576] cloud-init[956]: |       o .o o .  |
         Starting LXD - unix socket.
[    8.925333] cloud-init[956]: |        + .. +   |
[    8.926038] cloud-init[956]: |       = + .  o  |[[0;32m  OK  [0m] Started ACPI Events Check.
[[0;32m  OK  [0m] Reached target Paths.
[[0;32m  OK  [0m] Reached target Cloud-config availability.
[[0;32m  OK  [0m] Listening on Socket activation for snappy daemon.
[[0;32m  OK  [0m] Listening on LXD - unix socket.
[[0;32m  OK  [0m] Reached target Sockets.
[[0;32m  OK  [0m] Reached target Basic System.
         Starting /etc/rc.local Compatibility...

[[0;32m  OK  [0m] Started ACPI event daemon.
[[0;32m  OK  [0m] Started D-Bus System Message Bus.
[    8.928853] cloud-init[956]: |      . S + o  . |
[    8.933453] cloud-init[956]: |     . =.B . .   |
[    8.934059] cloud-init[956]: |      BoB.o .    |
[    8.934663] cloud-init[956]: |     BoBo= o     |
[    8.935247] cloud-init[956]: |   .*=B*= o      |
[    8.935801] cloud-init[956]: +----[SHA256]-----+
         Starting Accounts Service...
         Starting Virtualbox guest utils...
         Starting LSB: MD monitoring daemon...
         Starting System Logging Service...
         Starting Login Service...
         Starting LXD - container startup/shutdown...
         Starting Snap Daemon...
[[0;32m  OK  [0m] Started Deferred execution scheduler.
         Starting LSB: Record successful boot for GRUB...
[[0;32m  OK  [0m] Started FUSE filesystem for LXC.
         Starting Pollinate to seed the pseudo random number generator...
[[0;32m  OK  [0m] Started Regular background program processing daemon.
[[0;32m  OK  [0m] Started /etc/rc.local Compatibility.
[[0;32m  OK  [0m] Started Login Service.
[[0;32m  OK  [0m] Started iSCSI initiator daemon (iscsid).
[[0;32m  OK  [0m] Started System Logging Service.
[[0;32m  OK  [0m] Started LSB: MD monitoring daemon.
         Starting Authenticate and Authorize Users to Run Privileged Tasks...
         Starting Login to default iSCSI targets...
[[0;32m  OK  [0m] Started Unattended Upgrades Shutdown.
[[0;32m  OK  [0m] Started LSB: Record successful boot for GRUB.
[[0;32m  OK  [0m] Started Login to default iSCSI targets.
[[0;32m  OK  [0m] Reached target Remote File Systems (Pre).
[[0;32m  OK  [0m] Reached target Remote File Systems.
         Starting LSB: daemon to balance interrupts for SMP systems...
         Starting LSB: Set the CPU Frequency Scaling governor to "ondemand"...
         Starting Permit User Sessions...
         Starting LSB: automatic crash report generation...
[[0;32m  OK  [0m] Started Permit User Sessions.
[[0;32m  OK  [0m] Started Authenticate and Authorize Users to Run Privileged Tasks.
[[0;32m  OK  [0m] Started Accounts Service.
         Starting Hold until boot process finishes up...
         Starting Terminate Plymouth Boot Screen...
[[0;32m  OK  [0m] Started Hold until boot process finishes up.
[[0;32m  OK  [0m] Started Serial Getty on ttyS0.
         Starting Set console scheme...
[[0;32m  OK  [0m] Started Getty on tty1.
[[0;32m  OK  [0m] Reached target Login Prompts.
[[0;32m  OK  [0m] Started Terminate Plymouth Boot Screen.
[[0;32m  OK  [0m] Started Set console scheme.
[[0;32m  OK  [0m] Started LSB: Set the CPU Frequency Scaling governor to "ondemand".
[[0;32m  OK  [0m] Started LSB: daemon to balance interrupts for SMP systems.
[[0;32m  OK  [0m] Started LSB: automatic crash report generation.
[[0;32m  OK  [0m] Started Virtualbox guest utils.
[[0;32m  OK  [0m] Started LXD - container startup/shutdown.
[[0;32m  OK  [0m] Started Snap Daemon.
         Starting Wait until snapd is fully seeded...
[[0;32m  OK  [0m] Started Pollinate to seed the pseudo random number generator.
         Starting OpenBSD Secure Shell server...
[[0;32m  OK  [0m] Started OpenBSD Secure Shell server.
[[0;32m  OK  [0m] Started Wait until snapd is fully seeded.
[[0;32m  OK  [0m] Reached target Multi-User System.
[[0;32m  OK  [0m] Reached target Graphical Interface.
         Starting Update UTMP about System Runlevel Changes...
         Starting Apply the settings specified in cloud-config...
[[0;32m  OK  [0m] Started Update UTMP about System Runlevel Changes.
[   11.397148] cloud-init[1297]: Generating locales (this might take a while)...
[[0;32m  OK  [0m] Created slice User Slice of vagrant.
         Starting User Manager for UID 1000...
[[0;32m  OK  [0m] Started Session 1 of user vagrant.
[[0;32m  OK  [0m] Started User Manager for UID 1000.
[   12.327663] cloud-init[1297]:   en_US.UTF-8... done
[   12.330019] cloud-init[1297]: Generation complete.
[   12.725520] cloud-init[1297]: Cloud-init v. 21.1-19-gbad84ad4-0ubuntu1~16.04.2 running 'modules:config' at Fri, 13 Jan 2023 06:51:00 +0000. Up 11.29 seconds.
[[0;32m  OK  [0m] Started Apply the settings specified in cloud-config.
         Starting Execute cloud user/final scripts...
ci-info: no authorized SSH keys fingerprints found for user ubuntu.
<14>Jan 13 06:51:02 ec2: 
<14>Jan 13 06:51:02 ec2: #############################################################
<14>Jan 13 06:51:02 ec2: -----BEGIN SSH HOST KEY FINGERPRINTS-----
<14>Jan 13 06:51:02 ec2: 1024 SHA256:2JjdUziy0xZuVz/v6FhaApIEoO950NjGOSptUbHzMeM root@ubuntu-xenial (DSA)
<14>Jan 13 06:51:02 ec2: 256 SHA256:Vv1+CxT+ZbGXp1bhP9dC1gKycl+DTXCzyWo01dJq4v0 root@ubuntu-xenial (ECDSA)
<14>Jan 13 06:51:02 ec2: 256 SHA256:XqbC6ptV60aLTtrru/bwdKBHWJ67nXRhCHZg1lN8PhA root@ubuntu-xenial (ED25519)
<14>Jan 13 06:51:02 ec2: 2048 SHA256:xYWZnFQdViuZGHskXg+Wa29fjisad6/pSxL0/wAKF98 root@ubuntu-xenial (RSA)
<14>Jan 13 06:51:02 ec2: -----END SSH HOST KEY FINGERPRINTS-----
<14>Jan 13 06:51:02 ec2: #############################################################
-----BEGIN SSH HOST KEY KEYS-----
ecdsa-sha2-nistp256 AAAAE2VjZHNhLXNoYTItbmlzdHAyNTYAAAAIbmlzdHAyNTYAAABBBKfWvv20ZLoIAtUocXqnpuLce86ktme/Z4ilFqCjEEVlrPJ8erffFP+NYX5H9H1e+4DIZNWUjAAomoqNCiqFAy4= root@ubuntu-xenial
ssh-ed25519 AAAAC3NzaC1lZDI1NTE5AAAAIFUsXCzPeQZzZ3NvRL7oeEaE+VLsBPvKUJfJU/pbYk9O root@ubuntu-xenial
ssh-rsa AAAAB3NzaC1yc2EAAAADAQABAAABAQDx/h/wQEF+bI+Zbza3aeTmvAQh34kgEmMiirRuiDZEaxE6sI18hZ8C4xf5m2naSXFyYaS7uHLbphcayuB79g+hje5k4H+xJ/KIjtHRXfZ2M8VW+nqBahD+YraHR2NepS/pRGR03ePBB512y8PrzrW/M/7cClunWWlAbbfgPKN0J2Ma7xAMKK+lxVfhToRsRQY76Ps+pp33g/vEscL32G9kVCUyfTY9ef1ZLFDP8K/h8sKjazBc3f8soMnzP5BgkNl48DKAtVyK6/xjiXc3S7fs1aLuFZl0E7pk8HPX1ESzK6Z6keFD6qAMvjgbed3USbau8Ru4OrU0pp5qXEzJvlgF root@ubuntu-xenial
-----END SSH HOST KEY KEYS-----
[   13.422955] cloud-init[1421]: Cloud-init v. 21.1-19-gbad84ad4-0ubuntu1~16.04.2 running 'modules:final' at Fri, 13 Jan 2023 06:51:02 +0000. Up 13.27 seconds.
[   13.424458] cloud-init[1421]: ci-info: no authorized SSH keys fingerprints found for user ubuntu.
[   13.425775] cloud-init[1421]: Cloud-init v. 21.1-19-gbad84ad4-0ubuntu1~16.04.2 finished at Fri, 13 Jan 2023 06:51:02 +0000. Datasource DataSourceNoCloud [seed=/dev/sdb][dsmode=net].  Up 13.41 seconds
[[0;32m  OK  [0m] Started Execute cloud user/final scripts.
[[0;32m  OK  [0m] Reached target Cloud-init target.

Ubuntu 16.04.7 LTS ubuntu-xenial ttyS0

ubuntu-xenial login: 